#
# There is insufficient memory for the Java Runtime Environment to continue.
# Native memory allocation (mmap) failed to map 266338304 bytes for G1 virtual space
# Possible reasons:
#   The system is out of physical RAM or swap space
#   The process is running with CompressedOops enabled, and the Java Heap may be blocking the growth of the native heap
# Possible solutions:
#   Reduce memory load on the system
#   Increase physical memory or swap space
#   Check if swap backing store is full
#   Decrease Java heap size (-Xmx/-Xms)
#   Decrease number of Java threads
#   Decrease Java thread stack sizes (-Xss)
#   Set larger code cache with -XX:ReservedCodeCacheSize=
#   JVM is running with Zero Based Compressed Oops mode in which the Java heap is
#     placed in the first 32GB address space. The Java Heap base address is the
#     maximum limit for the native heap growth. Please use -XX:HeapBaseMinAddress
#     to set the Java Heap base and to place the Java Heap above 32GB virtual address.
# This output file may be truncated or incomplete.
#
#  Out of Memory Error (os_windows.cpp:3535), pid=15628, tid=2868
#
# JRE version:  (17.0.4.1+1) (build )
# Java VM: Java HotSpot(TM) 64-Bit Server VM (17.0.4.1+1-LTS-2, mixed mode, sharing, tiered, compressed oops, compressed class ptrs, g1 gc, windows-amd64)
# No core dump will be written. Minidumps are not enabled by default on client versions of Windows
#

---------------  S U M M A R Y ------------

Command Line: -agentlib:jdwp=transport=dt_socket,address=127.0.0.1:63246,suspend=y,server=n -javaagent:C:\Users\theal\AppData\Local\JetBrains\IntelliJIdea2022.3\captureAgent\debugger-agent.jar -Dfile.encoding=UTF-8 com.finxis.Main

Host: Intel(R) Core(TM) i7-9750H CPU @ 2.60GHz, 12 cores, 15G,  Windows 10 , 64 bit Build 19041 (10.0.19041.5438)
Time: Tue Mar 18 13:51:36 2025 Eastern Daylight Time elapsed time: 0.018055 seconds (0d 0h 0m 0s)

---------------  T H R E A D  ---------------

Current thread (0x0000020e9e184ff0):  JavaThread "Unknown thread" [_thread_in_vm, id=2868, stack(0x0000008c85b00000,0x0000008c85c00000)]

Stack: [0x0000008c85b00000,0x0000008c85c00000]
Native frames: (J=compiled Java code, j=interpreted, Vv=VM code, C=native code)
V  [jvm.dll+0x6723ba]
V  [jvm.dll+0x7d1e34]
V  [jvm.dll+0x7d35de]
V  [jvm.dll+0x7d3c43]
V  [jvm.dll+0x243065]
V  [jvm.dll+0x66f2d9]
V  [jvm.dll+0x663c22]
V  [jvm.dll+0x3011cb]
V  [jvm.dll+0x308766]
V  [jvm.dll+0x35846e]
V  [jvm.dll+0x35869f]
V  [jvm.dll+0x2d83e8]
V  [jvm.dll+0x2d9354]
V  [jvm.dll+0x7a3911]
V  [jvm.dll+0x3662c1]
V  [jvm.dll+0x782d7c]
V  [jvm.dll+0x3e8c1f]
V  [jvm.dll+0x3ea6c1]
C  [jli.dll+0x527b]
C  [ucrtbase.dll+0x21bb2]
C  [KERNEL32.DLL+0x17374]
C  [ntdll.dll+0x4cc91]


---------------  P R O C E S S  ---------------

Threads class SMR info:
_java_thread_list=0x00007ffe6dfaa858, length=0, elements={
}

Java Threads: ( => current thread )

Other Threads:
  0x0000020e9e1f1710 GCTaskThread "GC Thread#0" [stack: 0x0000008c85c00000,0x0000008c85d00000] [id=16424]
  0x0000020e9e203270 ConcurrentGCThread "G1 Main Marker" [stack: 0x0000008c85d00000,0x0000008c85e00000] [id=10464]
  0x0000020e9e204320 ConcurrentGCThread "G1 Conc#0" [stack: 0x0000008c85e00000,0x0000008c85f00000] [id=768]

[error occurred during error reporting (printing all threads), id 0xc0000005, EXCEPTION_ACCESS_VIOLATION (0xc0000005) at pc=0x00007ffe6d7f8dd7]

VM state: not at safepoint (not fully initialized)

VM Mutex/Monitor currently owned by a thread:  ([mutex/lock_event])
[0x0000020e9e1806b0] Heap_lock - owner thread: 0x0000020e9e184ff0

Heap address: 0x0000000702e00000, size: 4050 MB, Compressed Oops mode: Zero based, Oop shift amount: 3

CDS archive(s) mapped at: [0x0000000000000000-0x0000000000000000-0x0000000000000000), size 0, SharedBaseAddress: 0x0000000800000000, ArchiveRelocationMode: 0.
Narrow klass base: 0x0000000000000000, Narrow klass shift: 0, Narrow klass range: 0x0

GC Precious Log:
<Empty>

Heap:
 garbage-first heap   total 0K, used 0K [0x0000000702e00000, 0x0000000800000000)
  region size 2048K, 0 young (0K), 0 survivors (0K)

[error occurred during error reporting (printing heap information), id 0xc0000005, EXCEPTION_ACCESS_VIOLATION (0xc0000005) at pc=0x00007ffe6dbdb869]

GC Heap History (0 events):
No events

Deoptimization events (0 events):
No events

Classes unloaded (0 events):
No events

Classes redefined (0 events):
No events

Internal exceptions (0 events):
No events

VM Operations (0 events):
No events

Events (2 events):
Event: 0.013 Loaded shared library C:\Program Files\Java\jdk-17.0.4.1\bin\java.dll
Event: 0.014 Loaded shared library C:\Program Files\Java\jdk-17.0.4.1\bin\zip.dll


Dynamic libraries:
0x00007ff7d7230000 - 0x00007ff7d7240000 	C:\Program Files\Java\jdk-17.0.4.1\bin\java.exe
0x00007fff0ec30000 - 0x00007fff0ee28000 	C:\WINDOWS\SYSTEM32\ntdll.dll
0x00007fff0e4e0000 - 0x00007fff0e5a2000 	C:\WINDOWS\System32\KERNEL32.DLL
0x00007fff0c760000 - 0x00007fff0ca5f000 	C:\WINDOWS\System32\KERNELBASE.dll
0x00007fff0c660000 - 0x00007fff0c760000 	C:\WINDOWS\System32\ucrtbase.dll
0x00007ffefe070000 - 0x00007ffefe088000 	C:\Program Files\Java\jdk-17.0.4.1\bin\jli.dll
0x00007fff00a80000 - 0x00007fff00a9a000 	C:\Program Files\Java\jdk-17.0.4.1\bin\VCRUNTIME140.dll
0x00007fff0d090000 - 0x00007fff0d13f000 	C:\WINDOWS\System32\ADVAPI32.dll
0x00007fff0e5e0000 - 0x00007fff0e67e000 	C:\WINDOWS\System32\msvcrt.dll
0x00007fff0ccb0000 - 0x00007fff0cd4f000 	C:\WINDOWS\System32\sechost.dll
0x00007fff0cd50000 - 0x00007fff0ce73000 	C:\WINDOWS\System32\RPCRT4.dll
0x00007fff0c3f0000 - 0x00007fff0c417000 	C:\WINDOWS\System32\bcrypt.dll
0x00007fff0dd90000 - 0x00007fff0df2d000 	C:\WINDOWS\System32\USER32.dll
0x00007fff0c420000 - 0x00007fff0c442000 	C:\WINDOWS\System32\win32u.dll
0x00007ffefec50000 - 0x00007ffefeeea000 	C:\WINDOWS\WinSxS\amd64_microsoft.windows.common-controls_6595b64144ccf1df_6.0.19041.4355_none_60b8b9eb71f62e16\COMCTL32.dll
0x00007fff0dcd0000 - 0x00007fff0dcfb000 	C:\WINDOWS\System32\GDI32.dll
0x00007fff0c2d0000 - 0x00007fff0c3ea000 	C:\WINDOWS\System32\gdi32full.dll
0x00007fff0c4a0000 - 0x00007fff0c53d000 	C:\WINDOWS\System32\msvcp_win.dll
0x00007fff03b80000 - 0x00007fff03b8a000 	C:\WINDOWS\SYSTEM32\VERSION.dll
0x00007fff0e5b0000 - 0x00007fff0e5df000 	C:\WINDOWS\System32\IMM32.DLL
0x00007fff01b80000 - 0x00007fff01b8c000 	C:\Program Files\Java\jdk-17.0.4.1\bin\vcruntime140_1.dll
0x00007ffebea40000 - 0x00007ffebeacd000 	C:\Program Files\Java\jdk-17.0.4.1\bin\msvcp140.dll
0x00007ffe6d510000 - 0x00007ffe6e0d2000 	C:\Program Files\Java\jdk-17.0.4.1\bin\server\jvm.dll
0x00007fff0e730000 - 0x00007fff0e738000 	C:\WINDOWS\System32\PSAPI.DLL
0x00007ffeefa50000 - 0x00007ffeefa59000 	C:\WINDOWS\SYSTEM32\WSOCK32.dll
0x00007ffef6f90000 - 0x00007ffef6fb7000 	C:\WINDOWS\SYSTEM32\WINMM.dll
0x00007fff0dc60000 - 0x00007fff0dccb000 	C:\WINDOWS\System32\WS2_32.dll
0x00007fff0a2f0000 - 0x00007fff0a302000 	C:\WINDOWS\SYSTEM32\kernel.appcore.dll
0x00007fff00a70000 - 0x00007fff00a7a000 	C:\Program Files\Java\jdk-17.0.4.1\bin\jimage.dll
0x00007fff09f20000 - 0x00007fff0a104000 	C:\WINDOWS\SYSTEM32\DBGHELP.DLL
0x00007fff00b50000 - 0x00007fff00b84000 	C:\WINDOWS\SYSTEM32\dbgcore.DLL
0x00007fff0ca60000 - 0x00007fff0cae2000 	C:\WINDOWS\System32\bcryptPrimitives.dll
0x00007ffef8090000 - 0x00007ffef80cb000 	C:\Program Files\Java\jdk-17.0.4.1\bin\jdwp.dll
0x00007ffefe220000 - 0x00007ffefe22e000 	C:\Program Files\Java\jdk-17.0.4.1\bin\instrument.dll
0x00007ffee6bc0000 - 0x00007ffee6be5000 	C:\Program Files\Java\jdk-17.0.4.1\bin\java.dll
0x00007ffef1050000 - 0x00007ffef1068000 	C:\Program Files\Java\jdk-17.0.4.1\bin\zip.dll

dbghelp: loaded successfully - version: 4.0.5 - missing functions: none
symbol engine: initialized successfully - sym options: 0x614 - pdb path: .;C:\Program Files\Java\jdk-17.0.4.1\bin;C:\WINDOWS\SYSTEM32;C:\WINDOWS\WinSxS\amd64_microsoft.windows.common-controls_6595b64144ccf1df_6.0.19041.4355_none_60b8b9eb71f62e16;C:\Program Files\Java\jdk-17.0.4.1\bin\server

VM Arguments:
jvm_args: -agentlib:jdwp=transport=dt_socket,address=127.0.0.1:63246,suspend=y,server=n -javaagent:C:\Users\theal\AppData\Local\JetBrains\IntelliJIdea2022.3\captureAgent\debugger-agent.jar -Dfile.encoding=UTF-8 
java_command: com.finxis.Main
java_class_path (initial): D:\IdeaProjects\finos\cdm-client-examples\v6\basic-bond-example\target\classes;C:\Users\theal\.m2\repository\org\finos\cdm\cdm-java\6.2.0\cdm-java-6.2.0.jar;C:\Users\theal\.m2\repository\com\regnosys\rosetta\com.regnosys.rosetta.lib\9.36.6\com.regnosys.rosetta.lib-9.36.6.jar;C:\Users\theal\.m2\repository\org\eclipse\xtend\org.eclipse.xtend.lib\2.27.0\org.eclipse.xtend.lib-2.27.0.jar;C:\Users\theal\.m2\repository\org\eclipse\xtext\org.eclipse.xtext.xbase.lib\2.27.0\org.eclipse.xtext.xbase.lib-2.27.0.jar;C:\Users\theal\.m2\repository\org\eclipse\xtend\org.eclipse.xtend.lib.macro\2.27.0\org.eclipse.xtend.lib.macro-2.27.0.jar;C:\Users\theal\.m2\repository\com\google\inject\guice\5.0.1\guice-5.0.1.jar;C:\Users\theal\.m2\repository\javax\inject\javax.inject\1\javax.inject-1.jar;C:\Users\theal\.m2\repository\aopalliance\aopalliance\1.0\aopalliance-1.0.jar;C:\Users\theal\.m2\repository\org\apache\commons\commons-lang3\3.14.0\commons-lang3-3.14.0.jar;C:\Users\theal\.m2\repository\com\fasterxml\jackson\core\jackson-databind\2.17.1\jackson-databind-2.17.1.jar;C:\Users\theal\.m2\repository\com\fasterxml\jackson\datatype\jackson-datatype-jdk8\2.17.1\jackson-datatype-jdk8-2.17.1.jar;C:\Users\theal\.m2\repository\org\slf4j\log4j-over-slf4j\2.0.13\log4j-over-slf4j-2.0.13.jar;C:\Users\theal\.m2\repository\com\regnosys\rosetta-common\11.46.0\rosetta-common-11.46.0.jar;C:\Users\theal\.m2\repository\com\fasterxml\jackson\core\jackson-annotations\2.17.1\jackson-annotations-2.17.1.jar;C:\Users\theal\.m2\repository\com\fasterxml\jackson\core\jackson-core\2.17.1\jackson-core-2.17.1.jar;C:\Users\theal\.m2\repository\com\fasterxml\jackson\module\jackson-module-parameter-names\2.17.1\jackson-module-parameter-names-2.17.1.jar;C:\Users\theal\.m2\repository\com\fasterxml\jackson\module\jackson-module-blackbird\2.17.1\jackson-module-blackbird-2.17.1.jar;C:\Users\theal\.m2\repository\com\fasterxml\jackson\datatype\jackson-datatype-jsr310\2.17.1\jackson-datatype-jsr310-
Launcher Type: SUN_STANDARD

[Global flags]
     intx CICompilerCount                          = 4                                         {product} {ergonomic}
     uint ConcGCThreads                            = 3                                         {product} {ergonomic}
     uint G1ConcRefinementThreads                  = 10                                        {product} {ergonomic}
   size_t G1HeapRegionSize                         = 2097152                                   {product} {ergonomic}
    uintx GCDrainStackTargetSize                   = 64                                        {product} {ergonomic}
   size_t InitialHeapSize                          = 266338304                                 {product} {ergonomic}
   size_t MarkStackSize                            = 4194304                                   {product} {ergonomic}
   size_t MaxHeapSize                              = 4246732800                                {product} {ergonomic}
   size_t MinHeapDeltaBytes                        = 2097152                                   {product} {ergonomic}
   size_t MinHeapSize                              = 8388608                                   {product} {ergonomic}
    uintx NonNMethodCodeHeapSize                   = 5839372                                {pd product} {ergonomic}
    uintx NonProfiledCodeHeapSize                  = 122909434                              {pd product} {ergonomic}
    uintx ProfiledCodeHeapSize                     = 122909434                              {pd product} {ergonomic}
    uintx ReservedCodeCacheSize                    = 251658240                              {pd product} {ergonomic}
     bool SegmentedCodeCache                       = true                                      {product} {ergonomic}
   size_t SoftMaxHeapSize                          = 4246732800                             {manageable} {ergonomic}
     bool UseCompressedClassPointers               = true                           {product lp64_product} {ergonomic}
     bool UseCompressedOops                        = true                           {product lp64_product} {ergonomic}
     bool UseG1GC                                  = true                                      {product} {ergonomic}
     bool UseLargePagesIndividualAllocation        = false                                  {pd product} {ergonomic}

Logging:
Log output configuration:
 #0: stdout all=warning uptime,level,tags
 #1: stderr all=off uptime,level,tags

Environment Variables:
JAVA_HOME=C:\Program Files\Java\jdk-17.0.4.1
PATH=C:\Program Files (x86)\Common Files\Oracle\Java\java8path;C:\Program Files (x86)\Common Files\Oracle\Java\javapath;C:\Python39\Scripts\;C:\Python39\;C:\Windows\system32;C:\Windows;C:\Windows\System32\Wbem;C:\Windows\System32\WindowsPowerShell\v1.0\;C:\Program Files\Java\jdk-17.0.4.1\bin;C:\Windows\System32\OpenSSH\;C:\Program Files (x86)\NVIDIA Corporation\PhysX\Common;C:\Program Files\NVIDIA Corporation\NVIDIA NvDLISR;C:\WINDOWS\system32;C:\WINDOWS;C:\WINDOWS\System32\Wbem;C:\WINDOWS\System32\WindowsPowerShell\v1.0\;C:\WINDOWS\System32\OpenSSH\;C:\Program Files\Microsoft SQL Server\130\Tools\Binn\;C:\php;C:\ProgramData\chocolatey\bin;C:\maven\apache-maven-3.9.9\bin;C:\jinx\jinx-2.3.1;C:\Program Files\dotnet\;C:\Program Files\Microsoft SQL Server\Client SDK\ODBC\170\Tools\Binn\;c:\Program Files (x86)\Microsoft Visual Studio\2019\Community\Common7\IDE;C:\Users\theal\AppData\Local\Coursier\data\bin;D:\Program Files\PuTTY\;D:\Program Files\Geth\;C:\ProgramData\ComposerSetup\bin;C:\Program Files\Git\cmd;c:\Program Files (x86)\Microsoft SDKs\Windows\v10.0A\bin\NETFX 4.8 Tools\x64;C:\Gradle\gradle-8.4\bin;C:\Program Files\nodejs\;C:\Program Files\Docker\Docker\resources\bin;C:\ApacheAnt\apache-ant-1.10.14\bin;C:\Program Files\Java\jdk-17.0.4.1\bin;C:\Program Files\Git\bin;C:\Program Files\GitHub CLI\;C:\Users\theal\AppData\Local\Microsoft\WindowsApps;C:\Users\theal\.dotnet\tools;C:\Users\theal\AppData\Local\GitHubDesktop\bin;C:\Users\theal\AppData\Local\Coursier\data\bin;D:\Program Files\Geth;C:\Users\theal\AppData\Roaming\Composer\vendor\bin;C:\Program Files\JetBrains\IntelliJ IDEA 2022.3.1\bin;;C:\ApacheTomCat10;;C:\Users\theal\AppData\Local\Programs\Microsoft VS Code\bin;C:\Users\theal\AppData\Roaming\npm;C:\Users\theal\.web3j\web3j-cli-shadow-1.6.1\bin
USERNAME=theal
OS=Windows_NT
PROCESSOR_IDENTIFIER=Intel64 Family 6 Model 158 Stepping 10, GenuineIntel



---------------  S Y S T E M  ---------------

OS:
 Windows 10 , 64 bit Build 19041 (10.0.19041.5438)
OS uptime: 1 days 3:53 hours
Hyper-V role detected

CPU: total 12 (initial active 12) (6 cores per cpu, 2 threads per core) family 6 model 158 stepping 10 microcode 0xde, cx8, cmov, fxsr, ht, mmx, 3dnowpref, sse, sse2, sse3, ssse3, sse4.1, sse4.2, popcnt, lzcnt, tsc, tscinvbit, avx, avx2, aes, erms, clmul, bmi1, bmi2, adx, fma, vzeroupper, clflush, clflushopt, hv

Memory: 4k page, system-wide physical 16193M (3298M free)
TotalPageFile size 19007M (AvailPageFile size 116M)
current process WorkingSet (physical memory assigned to process): 10M, peak: 10M
current process commit charge ("private bytes"): 64M, peak: 318M

vm_info: Java HotSpot(TM) 64-Bit Server VM (17.0.4.1+1-LTS-2) for windows-amd64 JRE (17.0.4.1+1-LTS-2), built on Aug 16 2022 18:32:06 by "mach5one" with MS VC++ 16.8 / 16.9 (VS2019)

END.
